#
# There is insufficient memory for the Java Runtime Environment to continue.
# Native memory allocation (malloc) failed to allocate 32784 bytes for Chunk::new
# Possible reasons:
#   The system is out of physical RAM or swap space
#   The process is running with CompressedOops enabled, and the Java Heap may be blocking the growth of the native heap
# Possible solutions:
#   Reduce memory load on the system
#   Increase physical memory or swap space
#   Check if swap backing store is full
#   Decrease Java heap size (-Xmx/-Xms)
#   Decrease number of Java threads
#   Decrease Java thread stack sizes (-Xss)
#   Set larger code cache with -XX:ReservedCodeCacheSize=
#   JVM is running with Unscaled Compressed Oops mode in which the Java heap is
#     placed in the first 4GB address space. The Java Heap base address is the
#     maximum limit for the native heap growth. Please use -XX:HeapBaseMinAddress
#     to set the Java Heap base and to place the Java Heap above 4GB virtual address.
# This output file may be truncated or incomplete.
#
#  Out of Memory Error (arena.cpp:184), pid=19288, tid=5328
#
# JRE version: Java(TM) SE Runtime Environment (20.0.1+9) (build 20.0.1+9-29)
# Java VM: Java HotSpot(TM) 64-Bit Server VM (20.0.1+9-29, mixed mode, sharing, tiered, compressed oops, compressed class ptrs, g1 gc, windows-amd64)
# No core dump will be written. Minidumps are not enabled by default on client versions of Windows
#

---------------  S U M M A R Y ------------

Command Line: -Xmx64m -Xms64m -Dorg.gradle.appname=gradlew org.gradle.wrapper.GradleWrapperMain app:bundleRelease

Host: Intel(R) Core(TM) i5-7300HQ CPU @ 2.50GHz, 4 cores, 7G,  Windows 11 , 64 bit Build 26058 (10.0.26058.1000)
Time: Sat Mar 30 16:05:13 2024 India Standard Time elapsed time: 63.448493 seconds (0d 0h 1m 3s)

---------------  T H R E A D  ---------------

Current thread (0x000002131c30e5a0):  JavaThread "C2 CompilerThread0" daemon [_thread_in_native, id=5328, stack(0x000000ba05500000,0x000000ba05600000)]


Current CompileTask:
C2:  63448 2153       4       jdk.internal.org.objectweb.asm.Frame::execute (2305 bytes)

Stack: [0x000000ba05500000,0x000000ba05600000]
Native frames: (J=compiled Java code, j=interpreted, Vv=VM code, C=native code)
V  [jvm.dll+0x6bb95a]
V  [jvm.dll+0x8485fa]
V  [jvm.dll+0x84a1f5]
V  [jvm.dll+0x84a8f3]
V  [jvm.dll+0x280b0f]
V  [jvm.dll+0xc2b11]
V  [jvm.dll+0xc2e35]
V  [jvm.dll+0xc2c34]
V  [jvm.dll+0x69987c]
V  [jvm.dll+0x6e1e26]
V  [jvm.dll+0x6dff0a]
V  [jvm.dll+0x24ce1f]
V  [jvm.dll+0x24a549]
V  [jvm.dll+0x1ce491]
V  [jvm.dll+0x259e1b]
V  [jvm.dll+0x2584f0]
V  [jvm.dll+0x3f2895]
V  [jvm.dll+0x7f4b56]
V  [jvm.dll+0x6ba5cb]
C  [ucrtbase.dll+0x69ee0]
C  [KERNEL32.DLL+0x28d17]
C  [ntdll.dll+0x77450]


---------------  P R O C E S S  ---------------

Threads class SMR info:
_java_thread_list=0x00000213210f33d0, length=15, elements={
0x0000021300d46f40, 0x000002131c2eed90, 0x000002131c2ef8d0, 0x000002131c2f66b0,
0x000002131c2f6ff0, 0x000002131c2f84a0, 0x000002131c2f9950, 0x000002131c30e5a0,
0x000002131c3126f0, 0x000002132059da10, 0x00000213205a4a30, 0x0000021321281580,
0x00000213211876a0, 0x0000021321280040, 0x0000021321281030
}

Java Threads: ( => current thread )
  0x0000021300d46f40 JavaThread "main" [_thread_blocked, id=4948, stack(0x000000ba04800000,0x000000ba04900000)]
  0x000002131c2eed90 JavaThread "Reference Handler" daemon [_thread_blocked, id=18828, stack(0x000000ba04f00000,0x000000ba05000000)]
  0x000002131c2ef8d0 JavaThread "Finalizer" daemon [_thread_blocked, id=13932, stack(0x000000ba05000000,0x000000ba05100000)]
  0x000002131c2f66b0 JavaThread "Signal Dispatcher" daemon [_thread_blocked, id=4944, stack(0x000000ba05100000,0x000000ba05200000)]
  0x000002131c2f6ff0 JavaThread "Attach Listener" daemon [_thread_blocked, id=2124, stack(0x000000ba05200000,0x000000ba05300000)]
  0x000002131c2f84a0 JavaThread "Service Thread" daemon [_thread_blocked, id=10660, stack(0x000000ba05300000,0x000000ba05400000)]
  0x000002131c2f9950 JavaThread "Monitor Deflation Thread" daemon [_thread_blocked, id=18088, stack(0x000000ba05400000,0x000000ba05500000)]
=>0x000002131c30e5a0 JavaThread "C2 CompilerThread0" daemon [_thread_in_native, id=5328, stack(0x000000ba05500000,0x000000ba05600000)]
  0x000002131c3126f0 JavaThread "C1 CompilerThread0" daemon [_thread_blocked, id=19192, stack(0x000000ba05600000,0x000000ba05700000)]
  0x000002132059da10 JavaThread "Notification Thread" daemon [_thread_blocked, id=18612, stack(0x000000ba05700000,0x000000ba05800000)]
  0x00000213205a4a30 JavaThread "Common-Cleaner" daemon [_thread_blocked, id=12876, stack(0x000000ba05900000,0x000000ba05a00000)]
  0x0000021321281580 JavaThread "DisconnectableInputStream source reader" daemon [_thread_in_native, id=1268, stack(0x000000ba05f00000,0x000000ba06000000)]
  0x00000213211876a0 JavaThread "C2 CompilerThread1" daemon [_thread_blocked, id=2244, stack(0x000000ba04600000,0x000000ba04700000)]
  0x0000021321280040 JavaThread "Thread-0" [_thread_in_vm, id=17648, stack(0x000000ba04700000,0x000000ba04800000)]
  0x0000021321281030 JavaThread "Logging-Cleaner" [_thread_new, id=3736, stack(0x000000ba06000000,0x000000ba06100000)]

Other Threads:
  0x0000021300def120 VMThread "VM Thread" [stack: 0x000000ba04e00000,0x000000ba04f00000] [id=19324]
  0x00000213205a1f70 WatcherThread "VM Periodic Task Thread" [stack: 0x000000ba05800000,0x000000ba05900000] [id=18888]
  0x0000021300d6c0a0 WorkerThread "GC Thread#0" [stack: 0x000000ba04900000,0x000000ba04a00000] [id=19244]
  0x00000213207549d0 WorkerThread "GC Thread#1" [stack: 0x000000ba05b00000,0x000000ba05c00000] [id=532]
  0x0000021320933780 WorkerThread "GC Thread#2" [stack: 0x000000ba05c00000,0x000000ba05d00000] [id=18944]
  0x0000021320933a50 WorkerThread "GC Thread#3" [stack: 0x000000ba05d00000,0x000000ba05e00000] [id=8964]
  0x0000021300d6d7b0 ConcurrentGCThread "G1 Main Marker" [stack: 0x000000ba04a00000,0x000000ba04b00000] [id=18232]
  0x0000021300d6f050 WorkerThread "G1 Conc#0" [stack: 0x000000ba04b00000,0x000000ba04c00000] [id=7848]
  0x0000021300dcbe70 ConcurrentGCThread "G1 Refine#0" [stack: 0x000000ba04c00000,0x000000ba04d00000] [id=18824]
  0x0000021300dcd7c0 ConcurrentGCThread "G1 Service" [stack: 0x000000ba04d00000,0x000000ba04e00000] [id=18820]

Threads with active compile tasks:
C2 CompilerThread0    63490 2153       4       jdk.internal.org.objectweb.asm.Frame::execute (2305 bytes)

VM state: not at safepoint (normal execution)

VM Mutex/Monitor currently owned by a thread: None

Heap address: 0x00000000fc000000, size: 64 MB, Compressed Oops mode: 32-bit

CDS archive(s) mapped at: [0x0000000800000000-0x0000000800c60000-0x0000000800c60000), size 12976128, SharedBaseAddress: 0x0000000800000000, ArchiveRelocationMode: 0.
Compressed class space mapped at: 0x0000000801000000-0x0000000841000000, reserved size: 1073741824
Narrow klass base: 0x0000000800000000, Narrow klass shift: 0, Narrow klass range: 0x100000000

GC Precious Log:
 CardTable entry size: 512
 Card Set container configuration: InlinePtr #cards 5 size 8 Array Of Cards #cards 12 size 40 Howl #buckets 4 coarsen threshold 1843 Howl Bitmap #cards 512 size 80 coarsen threshold 460 Card regions per heap region 1 cards per card region 2048
 CPUs: 4 total, 4 available
 Memory: 8075M
 Large Page Support: Disabled
 NUMA Support: Disabled
 Compressed Oops: Enabled (32-bit)
 Heap Region Size: 1M
 Heap Min Capacity: 64M
 Heap Initial Capacity: 64M
 Heap Max Capacity: 64M
 Pre-touch: Disabled
 Parallel Workers: 4
 Concurrent Workers: 1
 Concurrent Refinement Workers: 4
 Periodic GC: Disabled

Heap:
 garbage-first heap   total 65536K, used 14217K [0x00000000fc000000, 0x0000000100000000)
  region size 1024K, 4 young (4096K), 3 survivors (3072K)
 Metaspace       used 10849K, committed 11136K, reserved 1114112K
  class space    used 1372K, committed 1472K, reserved 1048576K

Heap Regions: E=young(eden), S=young(survivor), O=old, HS=humongous(starts), HC=humongous(continues), CS=collection set, F=free, OA=open archive, CA=closed archive, TAMS=top-at-mark-start, PB=parsable bottom
|   0|0x00000000fc000000, 0x00000000fc100000, 0x00000000fc100000|100%|HS|  |TAMS 0x00000000fc000000| PB 0x00000000fc000000| Complete 
|   1|0x00000000fc100000, 0x00000000fc200000, 0x00000000fc200000|100%|HC|  |TAMS 0x00000000fc100000| PB 0x00000000fc100000| Complete 
|   2|0x00000000fc200000, 0x00000000fc300000, 0x00000000fc300000|100%|HC|  |TAMS 0x00000000fc200000| PB 0x00000000fc200000| Complete 
|   3|0x00000000fc300000, 0x00000000fc400000, 0x00000000fc400000|100%|HC|  |TAMS 0x00000000fc300000| PB 0x00000000fc300000| Complete 
|   4|0x00000000fc400000, 0x00000000fc500000, 0x00000000fc500000|100%| O|  |TAMS 0x00000000fc400000| PB 0x00000000fc400000| Untracked 
|   5|0x00000000fc500000, 0x00000000fc600000, 0x00000000fc600000|100%| O|  |TAMS 0x00000000fc500000| PB 0x00000000fc500000| Untracked 
|   6|0x00000000fc600000, 0x00000000fc700000, 0x00000000fc700000|100%| O|  |TAMS 0x00000000fc600000| PB 0x00000000fc600000| Untracked 
|   7|0x00000000fc700000, 0x00000000fc800000, 0x00000000fc800000|100%| O|  |TAMS 0x00000000fc700000| PB 0x00000000fc700000| Untracked 
|   8|0x00000000fc800000, 0x00000000fc900000, 0x00000000fc900000|100%| O|  |TAMS 0x00000000fc800000| PB 0x00000000fc800000| Untracked 
|   9|0x00000000fc900000, 0x00000000fca00000, 0x00000000fca00000|100%| O|  |TAMS 0x00000000fc900000| PB 0x00000000fc900000| Untracked 
|  10|0x00000000fca00000, 0x00000000fcb00000, 0x00000000fcb00000|100%| O|  |TAMS 0x00000000fca00000| PB 0x00000000fca00000| Untracked 
|  11|0x00000000fcb00000, 0x00000000fcb2ae00, 0x00000000fcc00000| 16%| O|  |TAMS 0x00000000fcb00000| PB 0x00000000fcb00000| Untracked 
|  12|0x00000000fcc00000, 0x00000000fcc00000, 0x00000000fcd00000|  0%| F|  |TAMS 0x00000000fcc00000| PB 0x00000000fcc00000| Untracked 
|  13|0x00000000fcd00000, 0x00000000fcd00000, 0x00000000fce00000|  0%| F|  |TAMS 0x00000000fcd00000| PB 0x00000000fcd00000| Untracked 
|  14|0x00000000fce00000, 0x00000000fce00000, 0x00000000fcf00000|  0%| F|  |TAMS 0x00000000fce00000| PB 0x00000000fce00000| Untracked 
|  15|0x00000000fcf00000, 0x00000000fcf00000, 0x00000000fd000000|  0%| F|  |TAMS 0x00000000fcf00000| PB 0x00000000fcf00000| Untracked 
|  16|0x00000000fd000000, 0x00000000fd000000, 0x00000000fd100000|  0%| F|  |TAMS 0x00000000fd000000| PB 0x00000000fd000000| Untracked 
|  17|0x00000000fd100000, 0x00000000fd100000, 0x00000000fd200000|  0%| F|  |TAMS 0x00000000fd100000| PB 0x00000000fd100000| Untracked 
|  18|0x00000000fd200000, 0x00000000fd200000, 0x00000000fd300000|  0%| F|  |TAMS 0x00000000fd200000| PB 0x00000000fd200000| Untracked 
|  19|0x00000000fd300000, 0x00000000fd300000, 0x00000000fd400000|  0%| F|  |TAMS 0x00000000fd300000| PB 0x00000000fd300000| Untracked 
|  20|0x00000000fd400000, 0x00000000fd400000, 0x00000000fd500000|  0%| F|  |TAMS 0x00000000fd400000| PB 0x00000000fd400000| Untracked 
|  21|0x00000000fd500000, 0x00000000fd500000, 0x00000000fd600000|  0%| F|  |TAMS 0x00000000fd500000| PB 0x00000000fd500000| Untracked 
|  22|0x00000000fd600000, 0x00000000fd600000, 0x00000000fd700000|  0%| F|  |TAMS 0x00000000fd600000| PB 0x00000000fd600000| Untracked 
|  23|0x00000000fd700000, 0x00000000fd700000, 0x00000000fd800000|  0%| F|  |TAMS 0x00000000fd700000| PB 0x00000000fd700000| Untracked 
|  24|0x00000000fd800000, 0x00000000fd800000, 0x00000000fd900000|  0%| F|  |TAMS 0x00000000fd800000| PB 0x00000000fd800000| Untracked 
|  25|0x00000000fd900000, 0x00000000fd900000, 0x00000000fda00000|  0%| F|  |TAMS 0x00000000fd900000| PB 0x00000000fd900000| Untracked 
|  26|0x00000000fda00000, 0x00000000fda00000, 0x00000000fdb00000|  0%| F|  |TAMS 0x00000000fda00000| PB 0x00000000fda00000| Untracked 
|  27|0x00000000fdb00000, 0x00000000fdb00000, 0x00000000fdc00000|  0%| F|  |TAMS 0x00000000fdb00000| PB 0x00000000fdb00000| Untracked 
|  28|0x00000000fdc00000, 0x00000000fdc00000, 0x00000000fdd00000|  0%| F|  |TAMS 0x00000000fdc00000| PB 0x00000000fdc00000| Untracked 
|  29|0x00000000fdd00000, 0x00000000fdd00000, 0x00000000fde00000|  0%| F|  |TAMS 0x00000000fdd00000| PB 0x00000000fdd00000| Untracked 
|  30|0x00000000fde00000, 0x00000000fde00000, 0x00000000fdf00000|  0%| F|  |TAMS 0x00000000fde00000| PB 0x00000000fde00000| Untracked 
|  31|0x00000000fdf00000, 0x00000000fdf00000, 0x00000000fe000000|  0%| F|  |TAMS 0x00000000fdf00000| PB 0x00000000fdf00000| Untracked 
|  32|0x00000000fe000000, 0x00000000fe000000, 0x00000000fe100000|  0%| F|  |TAMS 0x00000000fe000000| PB 0x00000000fe000000| Untracked 
|  33|0x00000000fe100000, 0x00000000fe100000, 0x00000000fe200000|  0%| F|  |TAMS 0x00000000fe100000| PB 0x00000000fe100000| Untracked 
|  34|0x00000000fe200000, 0x00000000fe200000, 0x00000000fe300000|  0%| F|  |TAMS 0x00000000fe200000| PB 0x00000000fe200000| Untracked 
|  35|0x00000000fe300000, 0x00000000fe300000, 0x00000000fe400000|  0%| F|  |TAMS 0x00000000fe300000| PB 0x00000000fe300000| Untracked 
|  36|0x00000000fe400000, 0x00000000fe4b7948, 0x00000000fe500000| 71%| S|CS|TAMS 0x00000000fe400000| PB 0x00000000fe400000| Complete 
|  37|0x00000000fe500000, 0x00000000fe600000, 0x00000000fe600000|100%| S|CS|TAMS 0x00000000fe500000| PB 0x00000000fe500000| Complete 
|  38|0x00000000fe600000, 0x00000000fe700000, 0x00000000fe700000|100%| S|CS|TAMS 0x00000000fe600000| PB 0x00000000fe600000| Complete 
|  39|0x00000000fe700000, 0x00000000fe700000, 0x00000000fe800000|  0%| F|  |TAMS 0x00000000fe700000| PB 0x00000000fe700000| Untracked 
|  40|0x00000000fe800000, 0x00000000fe800000, 0x00000000fe900000|  0%| F|  |TAMS 0x00000000fe800000| PB 0x00000000fe800000| Untracked 
|  41|0x00000000fe900000, 0x00000000fe900000, 0x00000000fea00000|  0%| F|  |TAMS 0x00000000fe900000| PB 0x00000000fe900000| Untracked 
|  42|0x00000000fea00000, 0x00000000fea00000, 0x00000000feb00000|  0%| F|  |TAMS 0x00000000fea00000| PB 0x00000000fea00000| Untracked 
|  43|0x00000000feb00000, 0x00000000feb00000, 0x00000000fec00000|  0%| F|  |TAMS 0x00000000feb00000| PB 0x00000000feb00000| Untracked 
|  44|0x00000000fec00000, 0x00000000fec00000, 0x00000000fed00000|  0%| F|  |TAMS 0x00000000fec00000| PB 0x00000000fec00000| Untracked 
|  45|0x00000000fed00000, 0x00000000fed00000, 0x00000000fee00000|  0%| F|  |TAMS 0x00000000fed00000| PB 0x00000000fed00000| Untracked 
|  46|0x00000000fee00000, 0x00000000fee00000, 0x00000000fef00000|  0%| F|  |TAMS 0x00000000fee00000| PB 0x00000000fee00000| Untracked 
|  47|0x00000000fef00000, 0x00000000fef00000, 0x00000000ff000000|  0%| F|  |TAMS 0x00000000fef00000| PB 0x00000000fef00000| Untracked 
|  48|0x00000000ff000000, 0x00000000ff000000, 0x00000000ff100000|  0%| F|  |TAMS 0x00000000ff000000| PB 0x00000000ff000000| Untracked 
|  49|0x00000000ff100000, 0x00000000ff100000, 0x00000000ff200000|  0%| F|  |TAMS 0x00000000ff100000| PB 0x00000000ff100000| Untracked 
|  50|0x00000000ff200000, 0x00000000ff200000, 0x00000000ff300000|  0%| F|  |TAMS 0x00000000ff200000| PB 0x00000000ff200000| Untracked 
|  51|0x00000000ff300000, 0x00000000ff300000, 0x00000000ff400000|  0%| F|  |TAMS 0x00000000ff300000| PB 0x00000000ff300000| Untracked 
|  52|0x00000000ff400000, 0x00000000ff400000, 0x00000000ff500000|  0%| F|  |TAMS 0x00000000ff400000| PB 0x00000000ff400000| Untracked 
|  53|0x00000000ff500000, 0x00000000ff500000, 0x00000000ff600000|  0%| F|  |TAMS 0x00000000ff500000| PB 0x00000000ff500000| Untracked 
|  54|0x00000000ff600000, 0x00000000ff600000, 0x00000000ff700000|  0%| F|  |TAMS 0x00000000ff600000| PB 0x00000000ff600000| Untracked 
|  55|0x00000000ff700000, 0x00000000ff700000, 0x00000000ff800000|  0%| F|  |TAMS 0x00000000ff700000| PB 0x00000000ff700000| Untracked 
|  56|0x00000000ff800000, 0x00000000ff800000, 0x00000000ff900000|  0%| F|  |TAMS 0x00000000ff800000| PB 0x00000000ff800000| Untracked 
|  57|0x00000000ff900000, 0x00000000ff900000, 0x00000000ffa00000|  0%| F|  |TAMS 0x00000000ff900000| PB 0x00000000ff900000| Untracked 
|  58|0x00000000ffa00000, 0x00000000ffa00000, 0x00000000ffb00000|  0%| F|  |TAMS 0x00000000ffa00000| PB 0x00000000ffa00000| Untracked 
|  59|0x00000000ffb00000, 0x00000000ffb00000, 0x00000000ffc00000|  0%| F|  |TAMS 0x00000000ffb00000| PB 0x00000000ffb00000| Untracked 
|  60|0x00000000ffc00000, 0x00000000ffc00000, 0x00000000ffd00000|  0%| F|  |TAMS 0x00000000ffc00000| PB 0x00000000ffc00000| Untracked 
|  61|0x00000000ffd00000, 0x00000000ffd00000, 0x00000000ffe00000|  0%| F|  |TAMS 0x00000000ffd00000| PB 0x00000000ffd00000| Untracked 
|  62|0x00000000ffe00000, 0x00000000ffe00000, 0x00000000fff00000|  0%| F|  |TAMS 0x00000000ffe00000| PB 0x00000000ffe00000| Untracked 
|  63|0x00000000fff00000, 0x00000000fffb91b8, 0x0000000100000000| 72%| E|  |TAMS 0x00000000fff00000| PB 0x00000000fff00000| Complete 

Card table byte_map: [0x0000021319c20000,0x0000021319c40000] _byte_map_base: 0x0000021319440000

Marking Bits: (CMBitMap*) 0x0000021300d6c6d0
 Bits: [0x0000021319c60000, 0x0000021319d60000)

Polling page: 0x0000021300e00000

Metaspace:

Usage:
  Non-class:      9.25 MB used.
      Class:      1.34 MB used.
       Both:     10.59 MB used.

Virtual space:
  Non-class space:       64.00 MB reserved,       9.44 MB ( 15%) committed,  1 nodes.
      Class space:        1.00 GB reserved,       1.44 MB ( <1%) committed,  1 nodes.
             Both:        1.06 GB reserved,      10.88 MB ( <1%) committed. 

Chunk freelists:
   Non-Class:  1.97 MB
       Class:  2.44 MB
        Both:  4.41 MB

MaxMetaspaceSize: unlimited
CompressedClassSpaceSize: 1.00 GB
Initial GC threshold: 21.00 MB
Current GC threshold: 21.00 MB
CDS: on
MetaspaceReclaimPolicy: balanced
 - commit_granule_bytes: 65536.
 - commit_granule_words: 8192.
 - virtual_space_node_default_size: 8388608.
 - enlarge_chunks_in_place: 1.
 - new_chunks_are_fully_committed: 0.
 - uncommit_free_chunks: 1.
 - use_allocation_guard: 0.


Internal statistics:

num_allocs_failed_limit: 0.
num_arena_births: 216.
num_arena_deaths: 0.
num_vsnodes_births: 2.
num_vsnodes_deaths: 0.
num_space_committed: 174.
num_space_uncommitted: 0.
num_chunks_returned_to_freelist: 0.
num_chunks_taken_from_freelist: 519.
num_chunk_merges: 0.
num_chunk_splits: 334.
num_chunks_enlarged: 254.
num_inconsistent_stats: 0.

CodeHeap 'non-profiled nmethods': size=120000Kb used=846Kb max_used=846Kb free=119153Kb
 bounds [0x00000213121c0000, 0x0000021312430000, 0x00000213196f0000]
CodeHeap 'profiled nmethods': size=120000Kb used=4211Kb max_used=4211Kb free=115788Kb
 bounds [0x000002130a6f0000, 0x000002130ab10000, 0x0000021311c20000]
CodeHeap 'non-nmethods': size=5760Kb used=1478Kb max_used=1512Kb free=4281Kb
 bounds [0x0000021311c20000, 0x0000021311e90000, 0x00000213121c0000]
 total_blobs=2699 nmethods=2187 adapters=422
 compilation: enabled
              stopped_count=0, restarted_count=0
 full_count=0

Compilation events (20 events):
Event: 56.951 Thread 0x000002131c3126f0 nmethod 2144 0x000002130aafb790 code [0x000002130aafb940, 0x000002130aafbbe0]
Event: 56.951 Thread 0x000002131c3126f0 2145       3       sun.nio.cs.StreamEncoder::implWrite (145 bytes)
Event: 56.952 Thread 0x000002131c3126f0 nmethod 2145 0x000002130aafbd10 code [0x000002130aafbf80, 0x000002130aafca30]
Event: 58.964 Thread 0x000002131c30e5a0 2146       4       org.gradle.util.internal.GUtil::isTrue (56 bytes)
Event: 58.965 Thread 0x000002131c30e5a0 nmethod 2146 0x000002131228e490 code [0x000002131228e600, 0x000002131228e710]
Event: 59.154 Thread 0x000002131c30e5a0 2147       4       java.util.HashMap$HashIterator::nextNode (100 bytes)
Event: 59.158 Thread 0x000002131c30e5a0 nmethod 2147 0x000002131228e810 code [0x000002131228e980, 0x000002131228ed98]
Event: 60.749 Thread 0x000002131c30e5a0 2148       4       jdk.internal.misc.Unsafe::putReferenceOpaque (9 bytes)
Event: 60.750 Thread 0x000002131c30e5a0 nmethod 2148 0x000002131228ef10 code [0x000002131228f080, 0x000002131228f1f0]
Event: 63.439 Thread 0x000002131c3126f0 2149       3       java.util.LinkedList$Node::<init> (20 bytes)
Event: 63.440 Thread 0x000002131c3126f0 nmethod 2149 0x000002130aafce10 code [0x000002130aafcfa0, 0x000002130aafd220]
Event: 63.440 Thread 0x000002131c3126f0 2151       3       java.io.BufferedReader::implReadLine (302 bytes)
Event: 63.441 Thread 0x000002131c3126f0 nmethod 2151 0x000002130aafd310 code [0x000002130aafd5e0, 0x000002130aafe650]
Event: 63.441 Thread 0x000002131c3126f0 2150       1       java.util.LinkedList::size (5 bytes)
Event: 63.441 Thread 0x000002131c3126f0 nmethod 2150 0x000002131228f290 code [0x000002131228f400, 0x000002131228f4c8]
Event: 63.441 Thread 0x000002131c30e5a0 2153       4       jdk.internal.org.objectweb.asm.Frame::execute (2305 bytes)
Event: 63.445 Thread 0x000002131c3126f0 2154       3       org.gradle.internal.logging.text.AbstractLineChoppingStyledTextOutput$StateContext::hasChar (25 bytes)
Event: 63.445 Thread 0x000002131c3126f0 nmethod 2154 0x000002130aafed10 code [0x000002130aafeea0, 0x000002130aaff038]
Event: 63.445 Thread 0x000002131c3126f0 2157       3       org.gradle.internal.logging.text.AbstractLineChoppingStyledTextOutput$StateContext::isCurrentCharEquals (70 bytes)
Event: 63.445 Thread 0x000002131c3126f0 nmethod 2157 0x000002130aaff110 code [0x000002130aaff320, 0x000002130aaffa28]

GC Heap History (4 events):
Event: 0.902 GC heap before
{Heap before GC invocations=0 (full 0):
 garbage-first heap   total 65536K, used 13312K [0x00000000fc000000, 0x0000000100000000)
  region size 1024K, 13 young (13312K), 0 survivors (0K)
 Metaspace       used 1822K, committed 1984K, reserved 1114112K
  class space    used 172K, committed 256K, reserved 1048576K
}
Event: 0.910 GC heap after
{Heap after GC invocations=1 (full 0):
 garbage-first heap   total 65536K, used 2048K [0x00000000fc000000, 0x0000000100000000)
  region size 1024K, 2 young (2048K), 2 survivors (2048K)
 Metaspace       used 1822K, committed 1984K, reserved 1114112K
  class space    used 172K, committed 256K, reserved 1048576K
}
Event: 4.942 GC heap before
{Heap before GC invocations=1 (full 0):
 garbage-first heap   total 65536K, used 22528K [0x00000000fc000000, 0x0000000100000000)
  region size 1024K, 19 young (19456K), 2 survivors (2048K)
 Metaspace       used 5594K, committed 5824K, reserved 1114112K
  class space    used 738K, committed 832K, reserved 1048576K
}
Event: 4.946 GC heap after
{Heap after GC invocations=2 (full 0):
 garbage-first heap   total 65536K, used 11049K [0x00000000fc000000, 0x0000000100000000)
  region size 1024K, 3 young (3072K), 3 survivors (3072K)
 Metaspace       used 5594K, committed 5824K, reserved 1114112K
  class space    used 738K, committed 832K, reserved 1048576K
}

Dll operation events (13 events):
Event: 0.009 Loaded shared library C:\Program Files\Java\jdk-20\bin\java.dll
Event: 0.019 Loaded shared library C:\Program Files\Java\jdk-20\bin\jsvml.dll
Event: 0.085 Loaded shared library C:\Program Files\Java\jdk-20\bin\net.dll
Event: 0.089 Loaded shared library C:\Program Files\Java\jdk-20\bin\nio.dll
Event: 0.170 Loaded shared library C:\Program Files\Java\jdk-20\bin\zip.dll
Event: 0.873 Loaded shared library C:\Program Files\Java\jdk-20\bin\jimage.dll
Event: 1.081 Loaded shared library C:\Program Files\Java\jdk-20\bin\verify.dll
Event: 4.803 Loaded shared library C:\Users\DEEPAK SHARMA\.gradle\native\c067742578af261105cb4f569cf0c3c89f3d7b1fecec35dd04571415982c5e48\windows-amd64\native-platform.dll
Event: 4.831 Loaded shared library C:\Users\DEEPAK SHARMA\.gradle\native\jansi\1.18\windows64\jansi.dll
Event: 4.995 Loaded shared library C:\Program Files\Java\jdk-20\bin\management.dll
Event: 5.000 Loaded shared library C:\Program Files\Java\jdk-20\bin\management_ext.dll
Event: 5.431 Loaded shared library C:\Program Files\Java\jdk-20\bin\extnet.dll
Event: 7.964 Loaded shared library C:\Program Files\Java\jdk-20\bin\sunmscapi.dll

Deoptimization events (20 events):
Event: 63.438 Thread 0x0000021300d46f40 Uncommon trap: trap_request=0xffffff66 fr.pc=0x000002131227f010 relative=0x0000000000000550
Event: 63.438 Thread 0x0000021300d46f40 Uncommon trap: reason=speculate_class_check action=maybe_recompile pc=0x000002131227f010 method=java.lang.invoke.DirectMethodHandle$Holder.invokeSpecial(Ljava/lang/Object;Ljava/lang/Object;Ljava/lang/Object;)Ljava/lang/Object; @ 11 c2
Event: 63.438 Thread 0x0000021300d46f40 DEOPT PACKING pc=0x000002131227f010 sp=0x000000ba048fd550
Event: 63.438 Thread 0x0000021300d46f40 DEOPT UNPACKING pc=0x0000021311c89d22 sp=0x000000ba048fd400 mode 2
Event: 63.440 Thread 0x0000021300d46f40 Uncommon trap: trap_request=0xffffffde fr.pc=0x00000213122761ec relative=0x00000000000000cc
Event: 63.440 Thread 0x0000021300d46f40 Uncommon trap: reason=class_check action=maybe_recompile pc=0x00000213122761ec method=org.gradle.internal.logging.sink.OutputEventRenderer.onOutput(Lorg/gradle/internal/logging/events/OutputEvent;)V @ 1 c2
Event: 63.440 Thread 0x0000021300d46f40 DEOPT PACKING pc=0x00000213122761ec sp=0x000000ba048fd8e0
Event: 63.440 Thread 0x0000021300d46f40 DEOPT UNPACKING pc=0x0000021311c89d22 sp=0x000000ba048fd870 mode 2
Event: 63.442 Thread 0x0000021300d46f40 Uncommon trap: trap_request=0xffffff45 fr.pc=0x0000021312246e04 relative=0x00000000000001e4
Event: 63.442 Thread 0x0000021300d46f40 Uncommon trap: reason=unstable_if action=reinterpret pc=0x0000021312246e04 method=java.net.URI$Parser.scan(IILjava/lang/String;)I @ 26 c2
Event: 63.442 Thread 0x0000021300d46f40 DEOPT PACKING pc=0x0000021312246e04 sp=0x000000ba048fd660
Event: 63.442 Thread 0x0000021300d46f40 DEOPT UNPACKING pc=0x0000021311c89d22 sp=0x000000ba048fd5f0 mode 2
Event: 63.444 Thread 0x0000021300d46f40 Uncommon trap: trap_request=0xffffff45 fr.pc=0x000002131226c268 relative=0x00000000000005a8
Event: 63.444 Thread 0x0000021300d46f40 Uncommon trap: reason=unstable_if action=reinterpret pc=0x000002131226c268 method=org.gradle.internal.logging.console.ThrottlingOutputEventListener.onOutput(Lorg/gradle/internal/logging/events/OutputEvent;)V @ 51 c2
Event: 63.444 Thread 0x0000021300d46f40 DEOPT PACKING pc=0x000002131226c268 sp=0x000000ba048fddb0
Event: 63.444 Thread 0x0000021300d46f40 DEOPT UNPACKING pc=0x0000021311c89d22 sp=0x000000ba048fdd80 mode 2
Event: 63.444 Thread 0x0000021300d46f40 Uncommon trap: trap_request=0xffffff45 fr.pc=0x000002131227a978 relative=0x0000000000000898
Event: 63.444 Thread 0x0000021300d46f40 Uncommon trap: reason=unstable_if action=reinterpret pc=0x000002131227a978 method=org.gradle.internal.logging.sink.GroupingProgressLogEventGenerator.onOutput(Lorg/gradle/internal/logging/events/OutputEvent;)V @ 22 c2
Event: 63.444 Thread 0x0000021300d46f40 DEOPT PACKING pc=0x000002131227a978 sp=0x000000ba048fdcc0
Event: 63.444 Thread 0x0000021300d46f40 DEOPT UNPACKING pc=0x0000021311c89d22 sp=0x000000ba048fdb58 mode 2

Classes loaded (20 events):
Event: 7.982 Loading class java/nio/channels/SelectionKey
Event: 7.982 Loading class java/nio/channels/SelectionKey done
Event: 7.982 Loading class java/nio/channels/spi/AbstractSelectionKey done
Event: 7.982 Loading class sun/nio/ch/SelectionKeyImpl done
Event: 7.982 Loading class java/lang/invoke/ConstantBootstraps
Event: 7.982 Loading class java/lang/invoke/ConstantBootstraps done
Event: 8.002 Loading class java/nio/channels/spi/AbstractSelector$1
Event: 8.002 Loading class java/nio/channels/spi/AbstractSelector$1 done
Event: 8.041 Loading class java/nio/channels/AsynchronousCloseException
Event: 8.042 Loading class java/nio/channels/ClosedChannelException
Event: 8.042 Loading class java/nio/channels/ClosedChannelException done
Event: 8.042 Loading class java/nio/channels/AsynchronousCloseException done
Event: 29.764 Loading class java/lang/invoke/MethodHandle$1
Event: 29.764 Loading class java/lang/invoke/MethodHandle$1 done
Event: 63.435 Loading class sun/net/ConnectionResetException
Event: 63.435 Loading class sun/net/ConnectionResetException done
Event: 63.438 Loading class java/io/BufferedReader
Event: 63.438 Loading class java/io/BufferedReader done
Event: 63.444 Loading class java/util/concurrent/ConcurrentLinkedQueue$Itr
Event: 63.444 Loading class java/util/concurrent/ConcurrentLinkedQueue$Itr done

Classes unloaded (0 events):
No events

Classes redefined (0 events):
No events

Internal exceptions (20 events):
Event: 4.811 Thread 0x0000021300d46f40 Exception <a 'java/lang/NoSuchMethodError'{0x00000000ff4d8ad8}: 'java.lang.Object java.lang.invoke.DirectMethodHandle$Holder.invokeVirtual(java.lang.Object, java.lang.Object, java.lang.Object)'> (0x00000000ff4d8ad8) 
thrown [s\open\src\hotspot\share\interpreter\linkResolver.cpp, line 773]
Event: 4.906 Thread 0x0000021300d46f40 Exception <a 'java/lang/NoSuchMethodError'{0x00000000fee811a8}: 'java.lang.Object java.lang.invoke.DirectMethodHandle$Holder.invokeVirtual(java.lang.Object, java.lang.Object, java.lang.Object, java.lang.Object)'> (0x00000000fee811a8) 
thrown [s\open\src\hotspot\share\interpreter\linkResolver.cpp, line 773]
Event: 4.923 Thread 0x0000021300d46f40 Exception <a 'java/lang/NoSuchMethodError'{0x00000000fed232c0}: 'java.lang.Object java.lang.invoke.DirectMethodHandle$Holder.invokeVirtual(java.lang.Object, java.lang.Object, java.lang.Object, java.lang.Object, java.lang.Object, java.lang.Object)'> (0x00000000fed232c0) 
thrown [s\open\src\hotspot\share\interpreter\linkResolver.cpp, line 773]
Event: 5.031 Thread 0x0000021300d46f40 Exception <a 'java/lang/NoSuchMethodError'{0x00000000ffc0b890}: 'int java.lang.invoke.DirectMethodHandle$Holder.invokeVirtual(java.lang.Object, java.lang.Object, java.lang.Object)'> (0x00000000ffc0b890) 
thrown [s\open\src\hotspot\share\interpreter\linkResolver.cpp, line 773]
Event: 5.065 Thread 0x0000021300d46f40 Exception <a 'java/lang/NoSuchMethodError'{0x00000000ffb37958}: 'java.lang.Object java.lang.invoke.DirectMethodHandle$Holder.invokeVirtual(java.lang.Object, java.lang.Object, java.lang.Object, java.lang.Object, java.lang.Object)'> (0x00000000ffb37958) 
thrown [s\open\src\hotspot\share\interpreter\linkResolver.cpp, line 773]
Event: 5.067 Thread 0x0000021300d46f40 Exception <a 'java/lang/NoSuchMethodError'{0x00000000ffb4ab58}: 'java.lang.Object java.lang.invoke.Invokers$Holder.invokeExact_MT(java.lang.Object, java.lang.Object, java.lang.Object, java.lang.Object, java.lang.Object, java.lang.Object)'> (0x00000000ffb4ab58) 
thrown [s\open\src\hotspot\share\interpreter\linkResolver.cpp, line 773]
Event: 5.096 Thread 0x0000021300d46f40 Exception <a 'java/lang/NoSuchMethodError'{0x00000000ffac02a0}: 'java.lang.Object java.lang.invoke.DirectMethodHandle$Holder.invokeVirtual(java.lang.Object, java.lang.Object, java.lang.Object, java.lang.Object, java.lang.Object, java.lang.Object, java.lang.Object, java.lang.Object)'> (0x00000000ffac02a0) 
thrown [s\open\src\hotspot\share\interpreter\linkResolver.cpp, line 773]
Event: 5.119 Thread 0x0000021300d46f40 Exception <a 'java/lang/NoSuchMethodError'{0x00000000ff9dcff0}: 'java.lang.Object java.lang.invoke.DirectMethodHandle$Holder.invokeStaticInit(java.lang.Object, int, int, int, int)'> (0x00000000ff9dcff0) 
thrown [s\open\src\hotspot\share\interpreter\linkResolver.cpp, line 773]
Event: 5.206 Thread 0x0000021300d46f40 Exception <a 'java/lang/NoSuchMethodError'{0x00000000ff8140c8}: 'java.lang.Object java.lang.invoke.DirectMethodHandle$Holder.invokeStaticInit(java.lang.Object, java.lang.Object, int, int, int, int)'> (0x00000000ff8140c8) 
thrown [s\open\src\hotspot\share\interpreter\linkResolver.cpp, line 773]
Event: 5.454 Thread 0x0000021300d46f40 Implicit null exception at 0x00000213121f9060 to 0x00000213121f9584
Event: 5.456 Thread 0x0000021300d46f40 Implicit null exception at 0x0000021312208660 to 0x0000021312208b7c
Event: 5.461 Thread 0x0000021300d46f40 Exception <a 'java/lang/NoSuchMethodError'{0x00000000ff70abd0}: 'void java.lang.invoke.DirectMethodHandle$Holder.invokeInterface(java.lang.Object, java.lang.Object, java.lang.Object)'> (0x00000000ff70abd0) 
thrown [s\open\src\hotspot\share\interpreter\linkResolver.cpp, line 773]
Event: 5.470 Thread 0x0000021300d46f40 Exception <a 'java/net/ConnectException'{0x00000000ff71bdc8}: Connection refused: no further information> (0x00000000ff71bdc8) 
thrown [s\open\src\hotspot\share\prims\jni.cpp, line 538]
Event: 5.678 Thread 0x0000021321167a30 Exception <a 'java/lang/NoSuchMethodError'{0x00000000ff003ff8}: 'void java.lang.invoke.DirectMethodHandle$Holder.invokeStatic(java.lang.Object, long)'> (0x00000000ff003ff8) 
thrown [s\open\src\hotspot\share\interpreter\linkResolver.cpp, line 773]
Event: 5.678 Thread 0x0000021321167a30 Exception <a 'java/lang/NoSuchMethodError'{0x00000000ff009690}: 'java.lang.Object java.lang.invoke.DirectMethodHandle$Holder.newInvokeSpecial(java.lang.Object, long)'> (0x00000000ff009690) 
thrown [s\open\src\hotspot\share\interpreter\linkResolver.cpp, line 773]
Event: 5.680 Thread 0x0000021321167a30 Exception <a 'java/lang/NoSuchMethodError'{0x00000000ff010888}: 'java.lang.Object java.lang.invoke.DirectMethodHandle$Holder.invokeStatic(java.lang.Object, long, java.lang.Object)'> (0x00000000ff010888) 
thrown [s\open\src\hotspot\share\interpreter\linkResolver.cpp, line 773]
Event: 5.680 Thread 0x0000021321167a30 Exception <a 'java/lang/NoSuchMethodError'{0x00000000ff014010}: 'java.lang.Object java.lang.invoke.DirectMethodHandle$Holder.invokeStaticInit(java.lang.Object, long, java.lang.Object)'> (0x00000000ff014010) 
thrown [s\open\src\hotspot\share\interpreter\linkResolver.cpp, line 773]
Event: 63.435 Thread 0x0000021300d46f40 Exception <a 'sun/net/ConnectionResetException'{0x00000000fe77f218}: Connection reset> (0x00000000fe77f218) 
thrown [s\open\src\hotspot\share\prims\jni.cpp, line 538]
Event: 63.441 Thread 0x0000021300d46f40 Exception <a 'java/lang/NoSuchMethodError'{0x00000000fe7b6408}: 'int java.lang.invoke.DirectMethodHandle$Holder.invokeVirtual(java.lang.Object, java.lang.Object)'> (0x00000000fe7b6408) 
thrown [s\open\src\hotspot\share\interpreter\linkResolver.cpp, line 773]
Event: 63.443 Thread 0x000002132127e060 Exception <a 'java/io/IOException'{0x00000000feef50c8}: Connection reset by peer> (0x00000000feef50c8) 
thrown [s\open\src\hotspot\share\prims\jni.cpp, line 538]

VM Operations (20 events):
Event: 47.210 Executing VM operation: Cleanup
Event: 47.210 Executing VM operation: Cleanup done
Event: 48.212 Executing VM operation: Cleanup
Event: 48.213 Executing VM operation: Cleanup done
Event: 50.224 Executing VM operation: Cleanup
Event: 50.224 Executing VM operation: Cleanup done
Event: 52.239 Executing VM operation: Cleanup
Event: 52.239 Executing VM operation: Cleanup done
Event: 53.245 Executing VM operation: Cleanup
Event: 53.245 Executing VM operation: Cleanup done
Event: 54.250 Executing VM operation: Cleanup
Event: 54.250 Executing VM operation: Cleanup done
Event: 56.259 Executing VM operation: Cleanup
Event: 56.259 Executing VM operation: Cleanup done
Event: 57.264 Executing VM operation: Cleanup
Event: 57.264 Executing VM operation: Cleanup done
Event: 58.275 Executing VM operation: Cleanup
Event: 58.276 Executing VM operation: Cleanup done
Event: 61.293 Executing VM operation: Cleanup
Event: 61.293 Executing VM operation: Cleanup done

Events (20 events):
Event: 0.034 Thread 0x000002131c2f84a0 Thread added: 0x000002131c2f84a0
Event: 0.034 Thread 0x000002131c2f9950 Thread added: 0x000002131c2f9950
Event: 0.034 Thread 0x000002131c30e5a0 Thread added: 0x000002131c30e5a0
Event: 0.034 Thread 0x000002131c3126f0 Thread added: 0x000002131c3126f0
Event: 0.049 Thread 0x000002132059da10 Thread added: 0x000002132059da10
Event: 0.070 Thread 0x00000213205a4a30 Thread added: 0x00000213205a4a30
Event: 0.878 Thread 0x0000021320934180 Thread added: 0x0000021320934180
Event: 1.232 Thread 0x0000021320934180 Thread exited: 0x0000021320934180
Event: 4.850 Thread 0x0000021320e926d0 Thread added: 0x0000021320e926d0
Event: 5.528 Thread 0x0000021320e47140 Thread added: 0x0000021320e47140
Event: 5.669 Thread 0x0000021321167a30 Thread added: 0x0000021321167a30
Event: 5.682 Thread 0x00000213211204b0 Thread added: 0x00000213211204b0
Event: 5.683 Thread 0x0000021321224230 Thread added: 0x0000021321224230
Event: 5.684 Thread 0x00000213211204b0 Thread exited: 0x00000213211204b0
Event: 6.063 Thread 0x0000021320e47140 Thread exited: 0x0000021320e47140
Event: 7.900 Thread 0x0000021321167a30 Thread exited: 0x0000021321167a30
Event: 7.900 Thread 0x0000021321224230 Thread exited: 0x0000021321224230
Event: 8.041 Thread 0x0000021321281580 Thread added: 0x0000021321281580
Event: 8.042 Thread 0x000002132127e060 Thread added: 0x000002132127e060
Event: 63.443 Thread 0x000002132127e060 Thread exited: 0x000002132127e060


Dynamic libraries:
0x00007ff7fcdd0000 - 0x00007ff7fcde0000 	C:\Program Files\Java\jdk-20\bin\java.exe
0x00007ffe1ddd0000 - 0x00007ffe1e01f000 	C:\WINDOWS\SYSTEM32\ntdll.dll
0x00007ffe1bc00000 - 0x00007ffe1bcc6000 	C:\WINDOWS\System32\KERNEL32.DLL
0x00007ffe1b470000 - 0x00007ffe1b806000 	C:\WINDOWS\System32\KERNELBASE.dll
0x00007ffe1b840000 - 0x00007ffe1b98b000 	C:\WINDOWS\System32\ucrtbase.dll
0x00007ffdeb7f0000 - 0x00007ffdeb809000 	C:\Program Files\Java\jdk-20\bin\jli.dll
0x00007ffdec980000 - 0x00007ffdec99b000 	C:\Program Files\Java\jdk-20\bin\VCRUNTIME140.dll
0x00007ffe1da10000 - 0x00007ffe1dac2000 	C:\WINDOWS\System32\ADVAPI32.dll
0x00007ffe1bcd0000 - 0x00007ffe1bd79000 	C:\WINDOWS\System32\msvcrt.dll
0x00007ffe1dbb0000 - 0x00007ffe1dc56000 	C:\WINDOWS\System32\sechost.dll
0x00007ffe1b3a0000 - 0x00007ffe1b3c6000 	C:\WINDOWS\System32\bcrypt.dll
0x00007ffe1d570000 - 0x00007ffe1d689000 	C:\WINDOWS\System32\RPCRT4.dll
0x00007ffe1be60000 - 0x00007ffe1c01f000 	C:\WINDOWS\System32\USER32.dll
0x00007ffe0cbd0000 - 0x00007ffe0ce61000 	C:\WINDOWS\WinSxS\amd64_microsoft.windows.common-controls_6595b64144ccf1df_6.0.26058.1000_none_3fb4aebdb096c418\COMCTL32.dll
0x00007ffe1b810000 - 0x00007ffe1b837000 	C:\WINDOWS\System32\win32u.dll
0x00007ffe1dc60000 - 0x00007ffe1dc8a000 	C:\WINDOWS\System32\GDI32.dll
0x00007ffe1b1f0000 - 0x00007ffe1b310000 	C:\WINDOWS\System32\gdi32full.dll
0x00007ffe1b140000 - 0x00007ffe1b1e3000 	C:\WINDOWS\System32\msvcp_win.dll
0x00007ffe0e7a0000 - 0x00007ffe0e7ab000 	C:\WINDOWS\SYSTEM32\VERSION.dll
0x00007ffe1cd20000 - 0x00007ffe1cd4d000 	C:\WINDOWS\System32\IMM32.DLL
0x00007ffdf7af0000 - 0x00007ffdf7afc000 	C:\Program Files\Java\jdk-20\bin\vcruntime140_1.dll
0x00007ffdad5d0000 - 0x00007ffdad65e000 	C:\Program Files\Java\jdk-20\bin\msvcp140.dll
0x00007ffd81370000 - 0x00007ffd82007000 	C:\Program Files\Java\jdk-20\bin\server\jvm.dll
0x00007ffdf7840000 - 0x00007ffdf784a000 	C:\WINDOWS\SYSTEM32\WSOCK32.dll
0x00007ffe0f000000 - 0x00007ffe0f036000 	C:\WINDOWS\SYSTEM32\WINMM.dll
0x00007ffe1bd80000 - 0x00007ffe1bdf4000 	C:\WINDOWS\System32\WS2_32.dll
0x00007ffe19ff0000 - 0x00007ffe1a00a000 	C:\WINDOWS\SYSTEM32\kernel.appcore.dll
0x00007ffdf5cc0000 - 0x00007ffdf5cca000 	C:\Program Files\Java\jdk-20\bin\jimage.dll
0x00007ffde21b0000 - 0x00007ffde23ed000 	C:\WINDOWS\SYSTEM32\DBGHELP.DLL
0x00007ffe1d690000 - 0x00007ffe1da09000 	C:\WINDOWS\System32\combase.dll
0x00007ffe1cc40000 - 0x00007ffe1cd16000 	C:\WINDOWS\System32\OLEAUT32.dll
0x00007ffdef440000 - 0x00007ffdef479000 	C:\WINDOWS\SYSTEM32\dbgcore.DLL
0x00007ffe1b3d0000 - 0x00007ffe1b469000 	C:\WINDOWS\System32\bcryptPrimitives.dll
0x00007ffde3180000 - 0x00007ffde31a6000 	C:\Program Files\Java\jdk-20\bin\java.dll
0x00007ffd8dd10000 - 0x00007ffd8dde7000 	C:\Program Files\Java\jdk-20\bin\jsvml.dll
0x00007ffe1c0c0000 - 0x00007ffe1c857000 	C:\WINDOWS\System32\SHELL32.dll
0x00007ffe19060000 - 0x00007ffe19841000 	C:\WINDOWS\SYSTEM32\windows.storage.dll
0x00007ffe1dad0000 - 0x00007ffe1dba7000 	C:\WINDOWS\System32\SHCORE.dll
0x00007ffe1c860000 - 0x00007ffe1c8bd000 	C:\WINDOWS\System32\shlwapi.dll
0x00007ffe1b060000 - 0x00007ffe1b084000 	C:\WINDOWS\SYSTEM32\profapi.dll
0x00007ffde7240000 - 0x00007ffde7253000 	C:\Program Files\Java\jdk-20\bin\net.dll
0x00007ffe0ed50000 - 0x00007ffe0ee6d000 	C:\WINDOWS\SYSTEM32\WINHTTP.dll
0x00007ffe1a4a0000 - 0x00007ffe1a508000 	C:\WINDOWS\system32\mswsock.dll
0x00007ffde3160000 - 0x00007ffde3176000 	C:\Program Files\Java\jdk-20\bin\nio.dll
0x00007ffde2d10000 - 0x00007ffde2d28000 	C:\Program Files\Java\jdk-20\bin\zip.dll
0x00007ffdefad0000 - 0x00007ffdefae0000 	C:\Program Files\Java\jdk-20\bin\verify.dll
0x00007ffdc4380000 - 0x00007ffdc43a7000 	C:\Users\DEEPAK SHARMA\.gradle\native\c067742578af261105cb4f569cf0c3c89f3d7b1fecec35dd04571415982c5e48\windows-amd64\native-platform.dll
0x00007ffdef0e0000 - 0x00007ffdef0ea000 	C:\Users\DEEPAK SHARMA\.gradle\native\jansi\1.18\windows64\jansi.dll
0x00007ffdeee00000 - 0x00007ffdeee0a000 	C:\Program Files\Java\jdk-20\bin\management.dll
0x00007ffdee790000 - 0x00007ffdee79b000 	C:\Program Files\Java\jdk-20\bin\management_ext.dll
0x00007ffe1cd50000 - 0x00007ffe1cd58000 	C:\WINDOWS\System32\PSAPI.DLL
0x00007ffe1a770000 - 0x00007ffe1a78c000 	C:\WINDOWS\SYSTEM32\CRYPTSP.dll
0x00007ffe19f50000 - 0x00007ffe19f88000 	C:\WINDOWS\system32\rsaenh.dll
0x00007ffe1a560000 - 0x00007ffe1a58b000 	C:\WINDOWS\SYSTEM32\USERENV.dll
0x00007ffe1a790000 - 0x00007ffe1a79c000 	C:\WINDOWS\SYSTEM32\CRYPTBASE.dll
0x00007ffe19a40000 - 0x00007ffe19a70000 	C:\WINDOWS\SYSTEM32\IPHLPAPI.DLL
0x00007ffe1c8c0000 - 0x00007ffe1c8ca000 	C:\WINDOWS\System32\NSI.dll
0x00007ffe0ed30000 - 0x00007ffe0ed4c000 	C:\WINDOWS\SYSTEM32\dhcpcsvc6.DLL
0x00007ffe0ed00000 - 0x00007ffe0ed21000 	C:\WINDOWS\SYSTEM32\dhcpcsvc.DLL
0x00007ffe19ac0000 - 0x00007ffe19bda000 	C:\WINDOWS\SYSTEM32\DNSAPI.dll
0x00007ffdee270000 - 0x00007ffdee277000 	C:\Program Files\Java\jdk-20\bin\extnet.dll
0x00007ffdec970000 - 0x00007ffdec97e000 	C:\Program Files\Java\jdk-20\bin\sunmscapi.dll
0x00007ffe1b990000 - 0x00007ffe1bb06000 	C:\WINDOWS\System32\CRYPT32.dll
0x00007ffe1a970000 - 0x00007ffe1a9a0000 	C:\WINDOWS\SYSTEM32\ncrypt.dll
0x00007ffe1a920000 - 0x00007ffe1a95f000 	C:\WINDOWS\SYSTEM32\NTASN1.dll
0x00007ffde9cc0000 - 0x00007ffde9cc8000 	C:\WINDOWS\system32\wshunix.dll

dbghelp: loaded successfully - version: 4.0.5 - missing functions: none
symbol engine: initialized successfully - sym options: 0x614 - pdb path: .;C:\Program Files\Java\jdk-20\bin;C:\WINDOWS\SYSTEM32;C:\WINDOWS\WinSxS\amd64_microsoft.windows.common-controls_6595b64144ccf1df_6.0.26058.1000_none_3fb4aebdb096c418;C:\Program Files\Java\jdk-20\bin\server;C:\Users\DEEPAK SHARMA\.gradle\native\c067742578af261105cb4f569cf0c3c89f3d7b1fecec35dd04571415982c5e48\windows-amd64;C:\Users\DEEPAK SHARMA\.gradle\native\jansi\1.18\windows64

VM Arguments:
jvm_args: -Xmx64m -Xms64m -Dorg.gradle.appname=gradlew 
java_command: org.gradle.wrapper.GradleWrapperMain app:bundleRelease
java_class_path (initial): D:\PublishMe\RN\new\Antinna\android\\gradle\wrapper\gradle-wrapper.jar
Launcher Type: SUN_STANDARD

[Global flags]
     intx CICompilerCount                          = 3                                         {product} {ergonomic}
     uint ConcGCThreads                            = 1                                         {product} {ergonomic}
     uint G1ConcRefinementThreads                  = 4                                         {product} {ergonomic}
   size_t G1HeapRegionSize                         = 1048576                                   {product} {ergonomic}
    uintx GCDrainStackTargetSize                   = 64                                        {product} {ergonomic}
   size_t InitialHeapSize                          = 67108864                                  {product} {command line}
   size_t MarkStackSize                            = 4194304                                   {product} {ergonomic}
   size_t MaxHeapSize                              = 67108864                                  {product} {command line}
   size_t MaxNewSize                               = 39845888                                  {product} {ergonomic}
   size_t MinHeapDeltaBytes                        = 1048576                                   {product} {ergonomic}
   size_t MinHeapSize                              = 67108864                                  {product} {command line}
    uintx NonNMethodCodeHeapSize                   = 5832780                                {pd product} {ergonomic}
    uintx NonProfiledCodeHeapSize                  = 122912730                              {pd product} {ergonomic}
    uintx ProfiledCodeHeapSize                     = 122912730                              {pd product} {ergonomic}
    uintx ReservedCodeCacheSize                    = 251658240                              {pd product} {ergonomic}
     bool SegmentedCodeCache                       = true                                      {product} {ergonomic}
   size_t SoftMaxHeapSize                          = 67108864                               {manageable} {ergonomic}
     bool UseCompressedClassPointers               = true                           {product lp64_product} {ergonomic}
     bool UseCompressedOops                        = true                           {product lp64_product} {ergonomic}
     bool UseG1GC                                  = true                                      {product} {ergonomic}
     bool UseLargePagesIndividualAllocation        = false                                  {pd product} {ergonomic}

Logging:
Log output configuration:
 #0: stdout all=warning uptime,level,tags foldmultilines=false
 #1: stderr all=off uptime,level,tags foldmultilines=false

Environment Variables:
CLASSPATH=D:\PublishMe\RN\new\Antinna\android\\gradle\wrapper\gradle-wrapper.jar
PATH=D:\PublishMe\RN\new\Antinna\node_modules\.bin;D:\PublishMe\RN\new\Antinna\node_modules\.bin;D:\PublishMe\RN\new\node_modules\.bin;D:\PublishMe\RN\node_modules\.bin;D:\PublishMe\node_modules\.bin;D:\node_modules\.bin;C:\Users\DEEPAK SHARMA\AppData\Roaming\npm\node_modules\npm\node_modules\@npmcli\run-script\lib\node-gyp-bin;C:\Program Files (x86)\Intel\iCLS Client\;C:\Program Files\Intel\iCLS Client\;C:\Program Files\Python311\Scripts\;C:\Program Files\Python311\;C:\Program Files\Common Files\Oracle\Java\javapath;C:\WINDOWS\system32;C:\WINDOWS;C:\WINDOWS\System32\Wbem;C:\WINDOWS\System32\WindowsPowerShell\v1.0\;C:\WINDOWS\System32\OpenSSH\;C:\ProgramData\chocolatey\bin;C:\php;C:\src\flutter\bin;C:\moto\cmd;C:\Users\DEEPAK SHARMA\AppData\Local\Pub\Cache\bin;C:\Program Files\Java\jdk-20\bin;C:\Users\DEEPAK SHARMA\AppData\Roaming\npm;C:\platform-tools_r34.0.3-windows\platform-tools;C:\Users\DEEPAK SHARMA\AppData\Local\Android\Sdk\platform-tools;C:\Users\DEEPAK SHARMA\AppData\Local\Android\Sdk\emulator;C:\Program Files\nodejs\;C:\Users\DEEPAK SHARMA\AppData\Local\Android\Sdk\cmake\3.22.1\bin;C:\Users\DEEPAK SHARMA\AppData\Local\Android\Sdk\ndk\25.2.9519653\prebuilt\windows-x86_64\;C:\Windows\Microsoft.NET\Framework\v4.0.30319;C:\Program Files (x86)\Intel\Intel(R) Management Engine Components\DAL;C:\Program Files\Intel\Intel(R) Management Engine Components\DAL;C:\Program Files (x86)\Intel\Intel(R) Management Engine Components\IPT;C:\Program Files\Intel\Intel(R) Management Engine Components\IPT;C:\xampp\php;C:\ProgramData\ComposerSetup\bin;C:\Users\DEEPAK SHARMA\AppData\Roaming\Python\Python311\Scripts;C:\Program Files\Git\cmd;C:\src\flutter\install\bin;C:\Users\DEEPAK SHARMA\AppData\Local\Microsoft\WindowsApps;C:\Users\DEEPAK SHARMA\AppData\Local\Programs\Microsoft VS Code\bin;C:\Users\DEEPAK SHARMA\AppData\Roaming\Composer\vendor\bin;C:\Users\DEEPAK SHARMA\AppData\Roaming\npm;
USERNAME=DEEPAK SHARMA
LANG=en_US.UTF-8
OS=Windows_NT
PROCESSOR_IDENTIFIER=Intel64 Family 6 Model 158 Stepping 9, GenuineIntel
TMP=C:\Users\DEEPAK~1\AppData\Local\Temp
TEMP=C:\Users\DEEPAK~1\AppData\Local\Temp




---------------  S Y S T E M  ---------------

OS:
 Windows 11 , 64 bit Build 26058 (10.0.26058.1000)
OS uptime: 0 days 1:54 hours

CPU: total 4 (initial active 4) (4 cores per cpu, 1 threads per core) family 6 model 158 stepping 9 microcode 0xde, cx8, cmov, fxsr, mmx, 3dnowpref, sse, sse2, sse3, ssse3, sse4.1, sse4.2, popcnt, lzcnt, tsc, tscinvbit, avx, avx2, aes, erms, clmul, bmi1, bmi2, adx, fma, vzeroupper, clflush, clflushopt, rdtscp, f16c

Memory: 4k page, system-wide physical 8075M (1383M free)
TotalPageFile size 13968M (AvailPageFile size 511M)
current process WorkingSet (physical memory assigned to process): 103M, peak: 103M
current process commit charge ("private bytes"): 160M, peak: 164M

vm_info: Java HotSpot(TM) 64-Bit Server VM (20.0.1+9-29) for windows-amd64 JRE (20.0.1+9-29), built on 2023-03-07T13:56:11Z by "mach5one" with MS VC++ 17.1 (VS2022)

END.
